<?xml version="1.0" encoding="UTF-8"?>
<!-- Generated by org.testng.reporters.JUnitXMLReporter -->
<testsuite hostname="Ganesan-MacBook-Pro.local" ignored="0" name="Test" tests="3" failures="0" timestamp="11 Oct 2017 10:20:31 GMT" time="0.028" errors="0">
  <testcase name="test1" time="0.004" classname="TestCases.TestAnotationClass"/>
  <testcase name="test2" time="0.001" classname="TestCases.TestAnotationClass"/>
  <testcase name="fu" time="0.001" classname="TestCases.TestAnotation"/>
</testsuite> <!-- Test -->
